<?xml version="1.0" encoding="UTF-8"?>
<!-- Generated by org.testng.reporters.JUnitReportReporter -->
<testsuite hostname="INSP15R-BASIL" name="qacloud.Features" tests="2" failures="0" timestamp="18 Jun 2014 20:22:52 GMT" time="12.382" errors="0">
  <testcase name="C62196" time="4.886" classname="qacloud.Features"/>
  <testcase name="C62195" time="7.496" classname="qacloud.Features"/>
</testsuite> <!-- qacloud.Features -->
