<?xml version="1.0" encoding="UTF-8"?>
<!-- Generated by org.testng.reporters.JUnitReportReporter -->
<testsuite hostname="INSP15R-BASIL" name="mixpanel.HomePage6" tests="5" failures="0" timestamp="27 Aug 2014 17:36:14 GMT" time="24.743" errors="0">
  <testcase name="C62191c" time="5.704" classname="mixpanel.HomePage6"/>
  <testcase name="C62191b" time="6.407" classname="mixpanel.HomePage6"/>
  <testcase name="C62191e" time="5.632" classname="mixpanel.HomePage6"/>
  <testcase name="C62191d" time="1.540" classname="mixpanel.HomePage6"/>
  <testcase name="C62191f" time="5.460" classname="mixpanel.HomePage6"/>
</testsuite> <!-- mixpanel.HomePage6 -->
