<?xml version="1.0" encoding="UTF-8"?>
<!-- Generated by org.testng.reporters.JUnitReportReporter -->
<testsuite hostname="INSP15R-BASIL" name="mixpanel.HomePage2" tests="5" failures="0" timestamp="27 Aug 2014 17:36:14 GMT" time="24.337" errors="0">
  <testcase name="C62191e" time="1.754" classname="mixpanel.HomePage2"/>
  <testcase name="C62191d" time="6.365" classname="mixpanel.HomePage2"/>
  <testcase name="C62191b" time="9.221" classname="mixpanel.HomePage2"/>
  <testcase name="C62191c" time="1.737" classname="mixpanel.HomePage2"/>
  <testcase name="C62191f" time="5.260" classname="mixpanel.HomePage2"/>
</testsuite> <!-- mixpanel.HomePage2 -->
