<?xml version="1.0" encoding="UTF-8"?>
<!-- Generated by org.testng.reporters.JUnitReportReporter -->
<testsuite hostname="INSP15R-BASIL" name="prodcloud.Features" tests="2" failures="0" timestamp="8 May 2014 00:13:49 GMT" time="10.744" errors="0">
  <testcase name="C62195" time="6.764" classname="prodcloud.Features"/>
  <testcase name="C62196" time="3.980" classname="prodcloud.Features"/>
</testsuite> <!-- prodcloud.Features -->
