<?xml version="1.0" encoding="UTF-8"?>
<!-- Generated by org.testng.reporters.JUnitReportReporter -->
<testsuite hostname="INSP15R-BASIL" name="mixpanel.HomePage7" tests="5" failures="0" timestamp="27 Aug 2014 17:36:14 GMT" time="25.066" errors="0">
  <testcase name="C62191e" time="5.102" classname="mixpanel.HomePage7"/>
  <testcase name="C62191d" time="1.694" classname="mixpanel.HomePage7"/>
  <testcase name="C62191c" time="6.233" classname="mixpanel.HomePage7"/>
  <testcase name="C62191f" time="6.031" classname="mixpanel.HomePage7"/>
  <testcase name="C62191b" time="6.006" classname="mixpanel.HomePage7"/>
</testsuite> <!-- mixpanel.HomePage7 -->
