<?xml version="1.0" encoding="UTF-8"?>
<!-- Generated by org.testng.reporters.JUnitReportReporter -->
<testsuite hostname="INSP15R-BASIL" name="mixpanel.HomePage12" tests="5" failures="0" timestamp="27 Aug 2014 17:36:14 GMT" time="23.573" errors="0">
  <testcase name="C62191f" time="5.742" classname="mixpanel.HomePage12"/>
  <testcase name="C62191c" time="5.508" classname="mixpanel.HomePage12"/>
  <testcase name="C62191e" time="5.277" classname="mixpanel.HomePage12"/>
  <testcase name="C62191d" time="1.526" classname="mixpanel.HomePage12"/>
  <testcase name="C62191b" time="5.520" classname="mixpanel.HomePage12"/>
</testsuite> <!-- mixpanel.HomePage12 -->
