<?xml version="1.0" encoding="UTF-8"?>
<!-- Generated by org.testng.reporters.JUnitReportReporter -->
<testsuite hostname="INSP15R-BASIL" name="mixpanel.HomePage8" tests="5" failures="0" timestamp="27 Aug 2014 17:36:14 GMT" time="24.861" errors="0">
  <testcase name="C62191c" time="6.645" classname="mixpanel.HomePage8"/>
  <testcase name="C62191d" time="1.514" classname="mixpanel.HomePage8"/>
  <testcase name="C62191f" time="5.768" classname="mixpanel.HomePage8"/>
  <testcase name="C62191b" time="5.711" classname="mixpanel.HomePage8"/>
  <testcase name="C62191e" time="5.223" classname="mixpanel.HomePage8"/>
</testsuite> <!-- mixpanel.HomePage8 -->
