<?xml version="1.0" encoding="UTF-8"?>
<!-- Generated by org.testng.reporters.JUnitReportReporter -->
<testsuite hostname="INSP15R-BASIL" name="mixpanel.HomePage10" tests="5" failures="0" timestamp="27 Aug 2014 17:36:14 GMT" time="25.635" errors="0">
  <testcase name="C62191c" time="6.199" classname="mixpanel.HomePage10"/>
  <testcase name="C62191e" time="5.695" classname="mixpanel.HomePage10"/>
  <testcase name="C62191d" time="2.322" classname="mixpanel.HomePage10"/>
  <testcase name="C62191f" time="5.449" classname="mixpanel.HomePage10"/>
  <testcase name="C62191b" time="5.970" classname="mixpanel.HomePage10"/>
</testsuite> <!-- mixpanel.HomePage10 -->
