<?xml version="1.0" encoding="UTF-8"?>
<!-- Generated by org.testng.reporters.JUnitReportReporter -->
<testsuite hostname="INSP15R-BASIL" name="precloud.HomePage" tests="4" failures="0" timestamp="6 May 2014 17:50:31 GMT" time="11.159" errors="0">
  <testcase name="C62192" time="2.336" classname="precloud.HomePage"/>
  <testcase name="C62191" time="5.683" classname="precloud.HomePage"/>
  <testcase name="C62193" time="1.369" classname="precloud.HomePage"/>
  <testcase name="C62194" time="1.771" classname="precloud.HomePage"/>
</testsuite> <!-- precloud.HomePage -->
