<?xml version="1.0" encoding="UTF-8"?>
<!-- Generated by org.testng.reporters.JUnitReportReporter -->
<testsuite hostname="INSP15R-BASIL" name="precloud.PricingAndSignUp" tests="5" failures="0" timestamp="6 May 2014 17:50:31 GMT" time="25.944" errors="0">
  <testcase name="C62199" time="3.351" classname="precloud.PricingAndSignUp"/>
  <testcase name="C62198" time="3.560" classname="precloud.PricingAndSignUp"/>
  <testcase name="C62201" time="3.284" classname="precloud.PricingAndSignUp"/>
  <testcase name="C62197" time="12.623" classname="precloud.PricingAndSignUp"/>
  <testcase name="C62200" time="3.126" classname="precloud.PricingAndSignUp"/>
</testsuite> <!-- precloud.PricingAndSignUp -->
