<?xml version="1.0" encoding="UTF-8"?>
<!-- Generated by org.testng.reporters.JUnitReportReporter -->
<testsuite hostname="INSP15R-BASIL" name="prodcloud.Footer" tests="3" failures="0" timestamp="8 May 2014 00:13:49 GMT" time="14.316" errors="0">
  <testcase name="C62174" time="2.637" classname="prodcloud.Footer"/>
  <testcase name="C62173" time="5.944" classname="prodcloud.Footer"/>
  <testcase name="C62172" time="5.735" classname="prodcloud.Footer"/>
</testsuite> <!-- prodcloud.Footer -->
