<?xml version="1.0" encoding="UTF-8"?>
<!-- Generated by org.testng.reporters.JUnitReportReporter -->
<testsuite hostname="INSP15R-BASIL" name="mixpanel.HomePage16" tests="1" failures="0" timestamp="27 Aug 2014 17:36:14 GMT" time="10.351" errors="0">
  <testcase name="C62191e" time="10.351" classname="mixpanel.HomePage16"/>
</testsuite> <!-- mixpanel.HomePage16 -->
