<?xml version="1.0" encoding="UTF-8"?>
<!-- Generated by org.testng.reporters.JUnitReportReporter -->
<testsuite hostname="INSP15R-BASIL" name="qacloud.HomePage" tests="4" failures="0" timestamp="18 Jun 2014 20:22:52 GMT" time="15.178" errors="0">
  <testcase name="C62193" time="1.787" classname="qacloud.HomePage"/>
  <testcase name="C62192" time="5.683" classname="qacloud.HomePage"/>
  <testcase name="C62194" time="2.121" classname="qacloud.HomePage"/>
  <testcase name="C62191" time="5.587" classname="qacloud.HomePage"/>
</testsuite> <!-- qacloud.HomePage -->
