<?xml version="1.0" encoding="UTF-8"?>
<!-- Generated by org.testng.reporters.JUnitReportReporter -->
<testsuite hostname="INSP15R-BASIL" name="precloud.Footer" tests="3" failures="0" timestamp="6 May 2014 17:50:31 GMT" time="15.382" errors="0">
  <testcase name="C62172" time="6.313" classname="precloud.Footer"/>
  <testcase name="C62173" time="5.535" classname="precloud.Footer"/>
  <testcase name="C62174" time="3.534" classname="precloud.Footer"/>
</testsuite> <!-- precloud.Footer -->
