<?xml version="1.0" encoding="UTF-8"?>
<!-- Generated by org.testng.reporters.JUnitReportReporter -->
<testsuite hostname="INSP15R-BASIL" name="mixpanel.HomePage4" tests="5" failures="0" timestamp="27 Aug 2014 17:36:14 GMT" time="26.966" errors="0">
  <testcase name="C62191e" time="5.329" classname="mixpanel.HomePage4"/>
  <testcase name="C62191d" time="1.525" classname="mixpanel.HomePage4"/>
  <testcase name="C62191c" time="6.002" classname="mixpanel.HomePage4"/>
  <testcase name="C62191b" time="5.773" classname="mixpanel.HomePage4"/>
  <testcase name="C62191f" time="8.337" classname="mixpanel.HomePage4"/>
</testsuite> <!-- mixpanel.HomePage4 -->
