<?xml version="1.0" encoding="UTF-8"?>
<!-- Generated by org.testng.reporters.JUnitReportReporter -->
<testsuite hostname="INSP15R-BASIL" name="mixpanel.HomePage21" tests="1" failures="0" timestamp="27 Aug 2014 17:36:14 GMT" time="9.721" errors="0">
  <testcase name="C62191d" time="9.721" classname="mixpanel.HomePage21"/>
</testsuite> <!-- mixpanel.HomePage21 -->
