<?xml version="1.0" encoding="UTF-8"?>
<!-- Generated by org.testng.reporters.JUnitReportReporter -->
<testsuite hostname="INSP15R-BASIL" name="qacloud.Footer" tests="3" failures="0" timestamp="18 Jun 2014 20:22:52 GMT" time="18.158" errors="0">
  <testcase name="C62174" time="4.613" classname="qacloud.Footer"/>
  <testcase name="C62173" time="7.359" classname="qacloud.Footer"/>
  <testcase name="C62172" time="6.186" classname="qacloud.Footer"/>
</testsuite> <!-- qacloud.Footer -->
