<?xml version="1.0" encoding="UTF-8"?>
<!-- Generated by org.testng.reporters.JUnitReportReporter -->
<testsuite hostname="INSP15R-BASIL" name="prodcloud.PricingAndSignUp" tests="5" failures="0" timestamp="8 May 2014 00:13:49 GMT" time="18.268" errors="0">
  <testcase name="C62197" time="5.711" classname="prodcloud.PricingAndSignUp"/>
  <testcase name="C62199" time="3.275" classname="prodcloud.PricingAndSignUp"/>
  <testcase name="C62201" time="2.648" classname="prodcloud.PricingAndSignUp"/>
  <testcase name="C62200" time="2.696" classname="prodcloud.PricingAndSignUp"/>
  <testcase name="C62198" time="3.938" classname="prodcloud.PricingAndSignUp"/>
</testsuite> <!-- prodcloud.PricingAndSignUp -->
