<?xml version="1.0" encoding="UTF-8"?>
<!-- Generated by org.testng.reporters.JUnitReportReporter -->
<testsuite hostname="INSP15R-BASIL" name="mixpanel.HomePage17" tests="1" failures="0" timestamp="27 Aug 2014 17:36:14 GMT" time="10.802" errors="0">
  <testcase name="C62191f" time="10.802" classname="mixpanel.HomePage17"/>
</testsuite> <!-- mixpanel.HomePage17 -->
