<?xml version="1.0" encoding="UTF-8"?>
<!-- Generated by org.testng.reporters.JUnitReportReporter -->
<testsuite hostname="INSP15R-BASIL" name="prodcloud.HomePage" tests="4" failures="0" timestamp="8 May 2014 00:13:49 GMT" time="11.690" errors="0">
  <testcase name="C62192" time="2.396" classname="prodcloud.HomePage"/>
  <testcase name="C62193" time="1.369" classname="prodcloud.HomePage"/>
  <testcase name="C62194" time="1.515" classname="prodcloud.HomePage"/>
  <testcase name="C62191" time="6.410" classname="prodcloud.HomePage"/>
</testsuite> <!-- prodcloud.HomePage -->
