<?xml version="1.0" encoding="UTF-8"?>
<!-- Generated by org.testng.reporters.JUnitReportReporter -->
<testsuite hostname="INSP15R-BASIL" name="precloud.Features" tests="2" failures="0" timestamp="6 May 2014 17:50:31 GMT" time="11.493" errors="0">
  <testcase name="C62195" time="8.334" classname="precloud.Features"/>
  <testcase name="C62196" time="3.159" classname="precloud.Features"/>
</testsuite> <!-- precloud.Features -->
