<?xml version="1.0" encoding="UTF-8"?>
<!-- Generated by org.testng.reporters.JUnitReportReporter -->
<testsuite hostname="INSP15R-BASIL" name="mixpanel.HomePage11" tests="5" failures="0" timestamp="27 Aug 2014 17:36:14 GMT" time="25.038" errors="0">
  <testcase name="C62191d" time="1.524" classname="mixpanel.HomePage11"/>
  <testcase name="C62191f" time="5.345" classname="mixpanel.HomePage11"/>
  <testcase name="C62191e" time="5.360" classname="mixpanel.HomePage11"/>
  <testcase name="C62191b" time="6.782" classname="mixpanel.HomePage11"/>
  <testcase name="C62191c" time="6.027" classname="mixpanel.HomePage11"/>
</testsuite> <!-- mixpanel.HomePage11 -->
