<?xml version="1.0" encoding="UTF-8"?>
<!-- Generated by org.testng.reporters.JUnitReportReporter -->
<testsuite hostname="INSP15R-BASIL" name="mixpanel.HomePage14" tests="1" failures="0" timestamp="27 Aug 2014 17:36:14 GMT" time="10.400" errors="0">
  <testcase name="C62191c" time="10.400" classname="mixpanel.HomePage14"/>
</testsuite> <!-- mixpanel.HomePage14 -->
