<?xml version="1.0" encoding="UTF-8"?>
<!-- Generated by org.testng.reporters.JUnitReportReporter -->
<testsuite hostname="INSP15R-BASIL" name="mixpanel.HomePage13" tests="1" failures="0" timestamp="27 Aug 2014 17:36:14 GMT" time="5.507" errors="0">
  <testcase name="C62191b" time="5.507" classname="mixpanel.HomePage13"/>
</testsuite> <!-- mixpanel.HomePage13 -->
