<?xml version="1.0" encoding="UTF-8"?>
<!-- Generated by org.testng.reporters.JUnitReportReporter -->
<testsuite hostname="INSP15R-BASIL" name="mixpanel.HomePage9" tests="5" failures="0" timestamp="27 Aug 2014 17:36:14 GMT" time="25.342" errors="0">
  <testcase name="C62191b" time="9.834" classname="mixpanel.HomePage9"/>
  <testcase name="C62191e" time="1.582" classname="mixpanel.HomePage9"/>
  <testcase name="C62191f" time="5.323" classname="mixpanel.HomePage9"/>
  <testcase name="C62191c" time="2.208" classname="mixpanel.HomePage9"/>
  <testcase name="C62191d" time="6.395" classname="mixpanel.HomePage9"/>
</testsuite> <!-- mixpanel.HomePage9 -->
