<?xml version="1.0" encoding="UTF-8"?>
<!-- Generated by org.testng.reporters.JUnitReportReporter -->
<testsuite hostname="INSP15R-BASIL" name="mixpanel.HomePage3" tests="5" failures="0" timestamp="27 Aug 2014 17:36:14 GMT" time="24.613" errors="0">
  <testcase name="C62191e" time="5.394" classname="mixpanel.HomePage3"/>
  <testcase name="C62191c" time="6.027" classname="mixpanel.HomePage3"/>
  <testcase name="C62191b" time="5.303" classname="mixpanel.HomePage3"/>
  <testcase name="C62191f" time="6.068" classname="mixpanel.HomePage3"/>
  <testcase name="C62191d" time="1.821" classname="mixpanel.HomePage3"/>
</testsuite> <!-- mixpanel.HomePage3 -->
