<?xml version="1.0" encoding="UTF-8"?>
<!-- Generated by org.testng.reporters.JUnitReportReporter -->
<testsuite hostname="INSP15R-BASIL" name="qacloud.PricingAndSignUp" tests="5" failures="0" timestamp="18 Jun 2014 20:22:52 GMT" time="20.758" errors="0">
  <testcase name="C62199" time="3.178" classname="qacloud.PricingAndSignUp"/>
  <testcase name="C62197" time="7.636" classname="qacloud.PricingAndSignUp"/>
  <testcase name="C62200" time="2.844" classname="qacloud.PricingAndSignUp"/>
  <testcase name="C62201" time="3.135" classname="qacloud.PricingAndSignUp"/>
  <testcase name="C62198" time="3.965" classname="qacloud.PricingAndSignUp"/>
</testsuite> <!-- qacloud.PricingAndSignUp -->
