<?xml version="1.0" encoding="UTF-8"?>
<!-- Generated by org.testng.reporters.JUnitReportReporter -->
<testsuite hostname="INSP15R-BASIL" name="mixpanel.HomePage23" tests="2" failures="0" timestamp="27 Aug 2014 17:36:13 GMT" time="11.588" errors="0">
  <testcase name="C62191d" time="10.061" classname="mixpanel.HomePage23"/>
  <testcase name="C62191e" time="1.527" classname="mixpanel.HomePage23"/>
</testsuite> <!-- mixpanel.HomePage23 -->
