<?xml version="1.0" encoding="UTF-8"?>
<!-- Generated by org.testng.reporters.JUnitReportReporter -->
<testsuite hostname="INSP15R-BASIL" name="mixpanel.HomePage19" tests="1" failures="0" timestamp="27 Aug 2014 17:36:14 GMT" time="10.412" errors="0">
  <testcase name="C62191b" time="10.412" classname="mixpanel.HomePage19"/>
</testsuite> <!-- mixpanel.HomePage19 -->
