<?xml version="1.0" encoding="UTF-8"?>
<!-- Generated by org.testng.reporters.JUnitReportReporter -->
<testsuite hostname="INSP15R-BASIL" name="mixpanel.HomePage15" tests="1" failures="0" timestamp="27 Aug 2014 17:36:14 GMT" time="6.182" errors="0">
  <testcase name="C62191d" time="6.182" classname="mixpanel.HomePage15"/>
</testsuite> <!-- mixpanel.HomePage15 -->
